<?xml version="1.0" encoding="UTF-8"?>
<testsuite xmlns:xsi="http://www.w3.org/2001/XMLSchema-instance" xsi:noNamespaceSchemaLocation="https://maven.apache.org/surefire/maven-surefire-plugin/xsd/surefire-test-report-3.0.xsd" version="3.0" name="TestSuite" time="5.118" tests="4" errors="0" skipped="0" failures="0">
  <properties>
[...]
</properties>
  <testcase name="myGetMethod" classname="com.api.tests.GetMethod" time="2.749"/>
  <testcase name="myPostMethod" classname="com.api.tests.PostMethod" time="0.259"/>
  <testcase name="myPutMethod" classname="com.api.tests.PutMethod" time="0.219"/>
  <testcase name="myDeleteMethod" classname="com.api.tests.DeleteMethod" time="0.16"/>
</testsuite>