<?xml version="1.0" encoding="UTF-8"?>
<testng-results skipped="0" failed="0" ignored="0" total="4" passed="4">
  <reporter-output>
  </reporter-output>
  <suite name="API Automation Suite" duration-ms="3664" started-at="2021-12-11T07:11:48Z" finished-at="2021-12-11T07:11:52Z">
    <groups>
    </groups>
    <test name="Api Automation Tests" duration-ms="3664" started-at="2021-12-11T07:11:48Z" finished-at="2021-12-11T07:11:52Z">
      <class name="com.api.tests.GetMethod">
        <test-method status="PASS" signature="myGetMethod()[pri:0, instance:com.api.tests.GetMethod@12468a38]" name="myGetMethod" duration-ms="2974" started-at="2021-12-11T07:11:48Z" finished-at="2021-12-11T07:11:51Z">
          <reporter-output>
          </reporter-output>
        </test-method> <!-- myGetMethod -->
      </class> <!-- com.api.tests.GetMethod -->
      <class name="com.api.tests.PutMethod">
        <test-method status="PASS" signature="myPutMethod()[pri:0, instance:com.api.tests.PutMethod@59309333]" name="myPutMethod" duration-ms="201" started-at="2021-12-11T07:11:52Z" finished-at="2021-12-11T07:11:52Z">
          <reporter-output>
          </reporter-output>
        </test-method> <!-- myPutMethod -->
      </class> <!-- com.api.tests.PutMethod -->
      <class name="com.api.tests.DeleteMethod">
        <test-method status="PASS" signature="myDeleteMethod()[pri:0, instance:com.api.tests.DeleteMethod@5876a9af]" name="myDeleteMethod" duration-ms="174" started-at="2021-12-11T07:11:52Z" finished-at="2021-12-11T07:11:52Z">
          <reporter-output>
          </reporter-output>
        </test-method> <!-- myDeleteMethod -->
      </class> <!-- com.api.tests.DeleteMethod -->
      <class name="com.api.tests.PostMethod">
        <test-method status="PASS" signature="myPostMethod()[pri:0, instance:com.api.tests.PostMethod@1aa7ecca]" name="myPostMethod" duration-ms="263" started-at="2021-12-11T07:11:51Z" finished-at="2021-12-11T07:11:52Z">
          <reporter-output>
          </reporter-output>
        </test-method> <!-- myPostMethod -->
      </class> <!-- com.api.tests.PostMethod -->
    </test> <!-- Api Automation Tests -->
  </suite> <!-- API Automation Suite -->
</testng-results>
