<?xml version="1.0" encoding="UTF-8"?>
<!-- Generated by org.testng.reporters.JUnitXMLReporter -->
<testsuite hostname="MIRHUQUE74C0" ignored="0" name="Api Automation Tests" tests="4" failures="0" timestamp="11 Dec 2021 07:06:27 GMT" time="3.415" errors="0">
  <testcase name="myGetMethod" time="2.748" classname="com.api.tests.GetMethod"/>
  <testcase name="myPostMethod" time="0.258" classname="com.api.tests.PostMethod"/>
  <testcase name="myPutMethod" time="0.211" classname="com.api.tests.PutMethod"/>
  <testcase name="myDeleteMethod" time="0.164" classname="com.api.tests.DeleteMethod"/>
</testsuite> <!-- Api Automation Tests -->
